<?xml version="1.0" encoding="utf-8"?><testsuites name="pytest tests"><testsuite name="pytest" errors="0" failures="0" skipped="0" tests="9" time="39.176" timestamp="2026-02-15T17:36:24.932900+00:00" hostname="agent-env-833ee6d5-fbf5-432a-937a-a0886e98b849"><testcase classname="backend.tests.test_new_features.TestMockInterviewSuggestedAnswers" name="test_generate_mock_questions_returns_suggested_answer" time="9.208" /><testcase classname="backend.tests.test_new_features.TestMockInterviewSuggestedAnswers" name="test_generate_mock_questions_with_job_description" time="8.215" /><testcase classname="backend.tests.test_new_features.TestLiveInterviewKeyPointsFormat" name="test_generate_answer_key_points_format" time="3.531" /><testcase classname="backend.tests.test_new_features.TestLiveInterviewKeyPointsFormat" name="test_generate_answer_with_session_context" time="4.736" /><testcase classname="backend.tests.test_new_features.TestSessionTimer" name="test_session_has_duration_limit" time="0.157" /><testcase classname="backend.tests.test_new_features.TestSessionTimer" name="test_session_duration_limit_default_free_tier" time="0.188" /><testcase classname="backend.tests.test_new_features.TestHealthAndBasicEndpoints" name="test_health_endpoint" time="0.107" /><testcase classname="backend.tests.test_new_features.TestHealthAndBasicEndpoints" name="test_plans_endpoint" time="0.080" /><testcase classname="backend.tests.test_new_features.TestMockInterviewQuestionFields" name="test_question_has_all_required_fields" time="12.891" /></testsuite></testsuites>